#*OUTPUT SFDAT
#*NUCLEON HEAVY-QUARK SF IN LO APPROX
#*COMPUTE F2H FOR SET OF (X, Q2) POINTS
#*
#*COL 1  X  (INPUT)
#*COL 2  QQ (INPUT)
#*COL 3  RELERR = DELTA-F2H/F2H (INPUT)
#*COL 4  CENTRAL F2H (OUTPUT)
#*COL 5  HESSIAN ERROR F2HERR (OUTPUT)
  0.129240E-01  0.339800E+01  0.200000E+00  0.711706E-02  0.539510E-03
  0.204840E-01  0.339800E+01  0.200000E+00  0.436669E-02  0.381556E-03
  0.324650E-01  0.339800E+01  0.200000E+00  0.229875E-02  0.294936E-03
  0.514530E-01  0.339800E+01  0.200000E+00  0.937014E-03  0.225734E-03
  0.815480E-01  0.339800E+01  0.200000E+00  0.236365E-03  0.105331E-03
  0.129240E+00  0.339800E+01  0.200000E+00  0.224886E-04  0.150890E-04
  0.129240E-01  0.732080E+01  0.200000E+00  0.194073E-01  0.110425E-02
  0.204840E-01  0.732080E+01  0.200000E+00  0.132859E-01  0.993564E-03
  0.324650E-01  0.732080E+01  0.200000E+00  0.825517E-02  0.708205E-03
  0.514530E-01  0.732080E+01  0.200000E+00  0.442698E-02  0.539190E-03
  0.815480E-01  0.732080E+01  0.200000E+00  0.185993E-02  0.423751E-03
  0.129240E+00  0.732080E+01  0.200000E+00  0.494371E-03  0.210998E-03
  0.204840E-01  0.157720E+02  0.200000E+00  0.292190E-01  0.178877E-02
  0.324650E-01  0.157720E+02  0.200000E+00  0.197110E-01  0.152850E-02
  0.514530E-01  0.157720E+02  0.200000E+00  0.119692E-01  0.106538E-02
  0.815480E-01  0.157720E+02  0.200000E+00  0.618259E-02  0.843476E-03
  0.129240E+00  0.157720E+02  0.200000E+00  0.241624E-02  0.634688E-03
  0.324650E-01  0.339800E+02  0.200000E+00  0.355280E-01  0.250751E-02
  0.514530E-01  0.339800E+02  0.200000E+00  0.229643E-01  0.188734E-02
  0.815480E-01  0.339800E+02  0.200000E+00  0.130501E-01  0.135192E-02
  0.129240E+00  0.339800E+02  0.200000E+00  0.602973E-02  0.112272E-02
